{"C:\\Users\\gabriel\\Desktop\\desafio-gabriel020201-2024\\src\\recintos-zoo.js": {"path":"C:\\Users\\gabriel\\Desktop\\desafio-gabriel020201-2024\\src\\recintos-zoo.js","all":false,"statementMap":{"0":{"start":{"line":1,"column":0},"end":{"line":1,"column":19}},"1":{"start":{"line":2,"column":0},"end":{"line":2,"column":19}},"2":{"start":{"line":3,"column":0},"end":{"line":3,"column":25}},"3":{"start":{"line":4,"column":0},"end":{"line":4,"column":107}},"4":{"start":{"line":5,"column":0},"end":{"line":5,"column":72}},"5":{"start":{"line":6,"column":0},"end":{"line":6,"column":113}},"6":{"start":{"line":7,"column":0},"end":{"line":7,"column":67}},"7":{"start":{"line":8,"column":0},"end":{"line":8,"column":103}},"8":{"start":{"line":9,"column":0},"end":{"line":9,"column":10}},"9":{"start":{"line":10,"column":0},"end":{"line":10,"column":0}},"10":{"start":{"line":11,"column":0},"end":{"line":11,"column":24}},"11":{"start":{"line":12,"column":0},"end":{"line":12,"column":69}},"12":{"start":{"line":13,"column":0},"end":{"line":13,"column":73}},"13":{"start":{"line":14,"column":0},"end":{"line":14,"column":71}},"14":{"start":{"line":15,"column":0},"end":{"line":15,"column":84}},"15":{"start":{"line":16,"column":0},"end":{"line":16,"column":72}},"16":{"start":{"line":17,"column":0},"end":{"line":17,"column":82}},"17":{"start":{"line":18,"column":0},"end":{"line":18,"column":10}},"18":{"start":{"line":19,"column":0},"end":{"line":19,"column":5}},"19":{"start":{"line":20,"column":0},"end":{"line":20,"column":0}},"20":{"start":{"line":21,"column":0},"end":{"line":21,"column":42}},"21":{"start":{"line":22,"column":0},"end":{"line":22,"column":37}},"22":{"start":{"line":23,"column":0},"end":{"line":23,"column":47}},"23":{"start":{"line":24,"column":0},"end":{"line":24,"column":9}},"24":{"start":{"line":25,"column":0},"end":{"line":25,"column":0}},"25":{"start":{"line":26,"column":0},"end":{"line":26,"column":63}},"26":{"start":{"line":27,"column":0},"end":{"line":27,"column":51}},"27":{"start":{"line":28,"column":0},"end":{"line":28,"column":9}},"28":{"start":{"line":29,"column":0},"end":{"line":29,"column":0}},"29":{"start":{"line":30,"column":0},"end":{"line":30,"column":45}},"30":{"start":{"line":31,"column":0},"end":{"line":31,"column":82}},"31":{"start":{"line":32,"column":0},"end":{"line":32,"column":29}},"32":{"start":{"line":33,"column":0},"end":{"line":33,"column":95}},"33":{"start":{"line":34,"column":0},"end":{"line":34,"column":68}},"34":{"start":{"line":35,"column":0},"end":{"line":35,"column":108}},"35":{"start":{"line":36,"column":0},"end":{"line":36,"column":14}},"36":{"start":{"line":37,"column":0},"end":{"line":37,"column":83}},"37":{"start":{"line":38,"column":0},"end":{"line":38,"column":0}},"38":{"start":{"line":39,"column":0},"end":{"line":39,"column":43}},"39":{"start":{"line":40,"column":0},"end":{"line":40,"column":53}},"40":{"start":{"line":41,"column":0},"end":{"line":41,"column":9}},"41":{"start":{"line":42,"column":0},"end":{"line":42,"column":0}},"42":{"start":{"line":43,"column":0},"end":{"line":43,"column":35}},"43":{"start":{"line":44,"column":0},"end":{"line":44,"column":5}},"44":{"start":{"line":45,"column":0},"end":{"line":45,"column":0}},"45":{"start":{"line":46,"column":0},"end":{"line":46,"column":51}},"46":{"start":{"line":47,"column":0},"end":{"line":47,"column":45}},"47":{"start":{"line":48,"column":0},"end":{"line":48,"column":87}},"48":{"start":{"line":49,"column":0},"end":{"line":49,"column":0}},"49":{"start":{"line":50,"column":0},"end":{"line":50,"column":58}},"50":{"start":{"line":51,"column":0},"end":{"line":51,"column":0}},"51":{"start":{"line":52,"column":0},"end":{"line":52,"column":77}},"52":{"start":{"line":53,"column":0},"end":{"line":53,"column":0}},"53":{"start":{"line":54,"column":0},"end":{"line":54,"column":115}},"54":{"start":{"line":55,"column":0},"end":{"line":55,"column":129}},"55":{"start":{"line":56,"column":0},"end":{"line":56,"column":0}},"56":{"start":{"line":57,"column":0},"end":{"line":57,"column":152}},"57":{"start":{"line":58,"column":0},"end":{"line":58,"column":0}},"58":{"start":{"line":59,"column":0},"end":{"line":59,"column":99}},"59":{"start":{"line":60,"column":0},"end":{"line":60,"column":0}},"60":{"start":{"line":61,"column":0},"end":{"line":61,"column":20}},"61":{"start":{"line":62,"column":0},"end":{"line":62,"column":5}},"62":{"start":{"line":63,"column":0},"end":{"line":63,"column":0}},"63":{"start":{"line":64,"column":0},"end":{"line":64,"column":65}},"64":{"start":{"line":65,"column":0},"end":{"line":65,"column":67}},"65":{"start":{"line":66,"column":0},"end":{"line":66,"column":79}},"66":{"start":{"line":67,"column":0},"end":{"line":67,"column":0}},"67":{"start":{"line":68,"column":0},"end":{"line":68,"column":76}},"68":{"start":{"line":69,"column":0},"end":{"line":69,"column":0}},"69":{"start":{"line":70,"column":0},"end":{"line":70,"column":87}},"70":{"start":{"line":71,"column":0},"end":{"line":71,"column":31}},"71":{"start":{"line":72,"column":0},"end":{"line":72,"column":9}},"72":{"start":{"line":73,"column":0},"end":{"line":73,"column":0}},"73":{"start":{"line":74,"column":0},"end":{"line":74,"column":29}},"74":{"start":{"line":75,"column":0},"end":{"line":75,"column":5}},"75":{"start":{"line":76,"column":0},"end":{"line":76,"column":1}},"76":{"start":{"line":77,"column":0},"end":{"line":77,"column":0}},"77":{"start":{"line":78,"column":0},"end":{"line":78,"column":38}}},"s":{"0":1,"1":1,"2":5,"3":5,"4":5,"5":5,"6":5,"7":5,"8":5,"9":5,"10":5,"11":5,"12":5,"13":5,"14":5,"15":5,"16":5,"17":5,"18":5,"19":1,"20":1,"21":5,"22":1,"23":1,"24":4,"25":5,"26":1,"27":1,"28":3,"29":3,"30":3,"31":3,"32":4,"33":4,"34":4,"35":3,"36":3,"37":3,"38":5,"39":1,"40":1,"41":2,"42":2,"43":2,"44":1,"45":1,"46":15,"47":15,"48":15,"49":15,"50":10,"51":15,"52":6,"53":15,"54":15,"55":4,"56":15,"57":4,"58":15,"59":4,"60":4,"61":4,"62":1,"63":1,"64":19,"65":19,"66":19,"67":19,"68":19,"69":19,"70":8,"71":8,"72":19,"73":19,"74":19,"75":1,"76":1,"77":1},"branchMap":{"0":{"type":"branch","line":2,"loc":{"start":{"line":2,"column":4},"end":{"line":19,"column":5}},"locations":[{"start":{"line":2,"column":4},"end":{"line":19,"column":5}}]},"1":{"type":"branch","line":21,"loc":{"start":{"line":21,"column":4},"end":{"line":44,"column":5}},"locations":[{"start":{"line":21,"column":4},"end":{"line":44,"column":5}}]},"2":{"type":"branch","line":22,"loc":{"start":{"line":22,"column":36},"end":{"line":24,"column":9}},"locations":[{"start":{"line":22,"column":36},"end":{"line":24,"column":9}}]},"3":{"type":"branch","line":24,"loc":{"start":{"line":24,"column":8},"end":{"line":26,"column":31}},"locations":[{"start":{"line":24,"column":8},"end":{"line":26,"column":31}}]},"4":{"type":"branch","line":26,"loc":{"start":{"line":26,"column":27},"end":{"line":26,"column":60}},"locations":[{"start":{"line":26,"column":27},"end":{"line":26,"column":60}}]},"5":{"type":"branch","line":26,"loc":{"start":{"line":26,"column":62},"end":{"line":28,"column":9}},"locations":[{"start":{"line":26,"column":62},"end":{"line":28,"column":9}}]},"6":{"type":"branch","line":28,"loc":{"start":{"line":28,"column":8},"end":{"line":39,"column":42}},"locations":[{"start":{"line":28,"column":8},"end":{"line":39,"column":42}}]},"7":{"type":"branch","line":39,"loc":{"start":{"line":39,"column":42},"end":{"line":41,"column":9}},"locations":[{"start":{"line":39,"column":42},"end":{"line":41,"column":9}}]},"8":{"type":"branch","line":41,"loc":{"start":{"line":41,"column":8},"end":{"line":44,"column":5}},"locations":[{"start":{"line":41,"column":8},"end":{"line":44,"column":5}}]},"9":{"type":"branch","line":31,"loc":{"start":{"line":31,"column":20},"end":{"line":31,"column":81}},"locations":[{"start":{"line":31,"column":20},"end":{"line":31,"column":81}}]},"10":{"type":"branch","line":32,"loc":{"start":{"line":32,"column":17},"end":{"line":36,"column":13}},"locations":[{"start":{"line":32,"column":17},"end":{"line":36,"column":13}}]},"11":{"type":"branch","line":37,"loc":{"start":{"line":37,"column":18},"end":{"line":37,"column":81}},"locations":[{"start":{"line":37,"column":18},"end":{"line":37,"column":81}}]},"12":{"type":"branch","line":46,"loc":{"start":{"line":46,"column":4},"end":{"line":62,"column":5}},"locations":[{"start":{"line":46,"column":4},"end":{"line":62,"column":5}}]},"13":{"type":"branch","line":50,"loc":{"start":{"line":50,"column":45},"end":{"line":50,"column":58}},"locations":[{"start":{"line":50,"column":45},"end":{"line":50,"column":58}}]},"14":{"type":"branch","line":50,"loc":{"start":{"line":50,"column":57},"end":{"line":52,"column":64}},"locations":[{"start":{"line":50,"column":57},"end":{"line":52,"column":64}}]},"15":{"type":"branch","line":52,"loc":{"start":{"line":52,"column":64},"end":{"line":52,"column":77}},"locations":[{"start":{"line":52,"column":64},"end":{"line":52,"column":77}}]},"16":{"type":"branch","line":52,"loc":{"start":{"line":52,"column":76},"end":{"line":54,"column":32}},"locations":[{"start":{"line":52,"column":76},"end":{"line":54,"column":32}}]},"17":{"type":"branch","line":54,"loc":{"start":{"line":54,"column":28},"end":{"line":54,"column":58}},"locations":[{"start":{"line":54,"column":28},"end":{"line":54,"column":58}}]},"18":{"type":"branch","line":54,"loc":{"start":{"line":54,"column":58},"end":{"line":54,"column":100}},"locations":[{"start":{"line":54,"column":58},"end":{"line":54,"column":100}}]},"19":{"type":"branch","line":54,"loc":{"start":{"line":54,"column":102},"end":{"line":54,"column":115}},"locations":[{"start":{"line":54,"column":102},"end":{"line":54,"column":115}}]},"20":{"type":"branch","line":54,"loc":{"start":{"line":54,"column":114},"end":{"line":55,"column":76}},"locations":[{"start":{"line":54,"column":114},"end":{"line":55,"column":76}}]},"21":{"type":"branch","line":55,"loc":{"start":{"line":55,"column":72},"end":{"line":55,"column":114}},"locations":[{"start":{"line":55,"column":72},"end":{"line":55,"column":114}}]},"22":{"type":"branch","line":55,"loc":{"start":{"line":55,"column":116},"end":{"line":55,"column":129}},"locations":[{"start":{"line":55,"column":116},"end":{"line":55,"column":129}}]},"23":{"type":"branch","line":55,"loc":{"start":{"line":55,"column":128},"end":{"line":57,"column":40}},"locations":[{"start":{"line":55,"column":128},"end":{"line":57,"column":40}}]},"24":{"type":"branch","line":57,"loc":{"start":{"line":57,"column":36},"end":{"line":57,"column":66}},"locations":[{"start":{"line":57,"column":36},"end":{"line":57,"column":66}}]},"25":{"type":"branch","line":57,"loc":{"start":{"line":57,"column":66},"end":{"line":57,"column":103}},"locations":[{"start":{"line":57,"column":66},"end":{"line":57,"column":103}}]},"26":{"type":"branch","line":57,"loc":{"start":{"line":57,"column":103},"end":{"line":57,"column":137}},"locations":[{"start":{"line":57,"column":103},"end":{"line":57,"column":137}}]},"27":{"type":"branch","line":57,"loc":{"start":{"line":57,"column":139},"end":{"line":57,"column":152}},"locations":[{"start":{"line":57,"column":139},"end":{"line":57,"column":152}}]},"28":{"type":"branch","line":57,"loc":{"start":{"line":57,"column":151},"end":{"line":59,"column":36}},"locations":[{"start":{"line":57,"column":151},"end":{"line":59,"column":36}}]},"29":{"type":"branch","line":59,"loc":{"start":{"line":59,"column":32},"end":{"line":59,"column":64}},"locations":[{"start":{"line":59,"column":32},"end":{"line":59,"column":64}}]},"30":{"type":"branch","line":59,"loc":{"start":{"line":59,"column":64},"end":{"line":59,"column":84}},"locations":[{"start":{"line":59,"column":64},"end":{"line":59,"column":84}}]},"31":{"type":"branch","line":59,"loc":{"start":{"line":59,"column":86},"end":{"line":59,"column":99}},"locations":[{"start":{"line":59,"column":86},"end":{"line":59,"column":99}}]},"32":{"type":"branch","line":59,"loc":{"start":{"line":59,"column":98},"end":{"line":62,"column":5}},"locations":[{"start":{"line":59,"column":98},"end":{"line":62,"column":5}}]},"33":{"type":"branch","line":52,"loc":{"start":{"line":52,"column":31},"end":{"line":52,"column":61}},"locations":[{"start":{"line":52,"column":31},"end":{"line":52,"column":61}}]},"34":{"type":"branch","line":55,"loc":{"start":{"line":55,"column":33},"end":{"line":55,"column":71}},"locations":[{"start":{"line":55,"column":33},"end":{"line":55,"column":71}}]},"35":{"type":"branch","line":64,"loc":{"start":{"line":64,"column":4},"end":{"line":75,"column":5}},"locations":[{"start":{"line":64,"column":4},"end":{"line":75,"column":5}}]},"36":{"type":"branch","line":70,"loc":{"start":{"line":70,"column":38},"end":{"line":70,"column":84}},"locations":[{"start":{"line":70,"column":38},"end":{"line":70,"column":84}}]},"37":{"type":"branch","line":70,"loc":{"start":{"line":70,"column":86},"end":{"line":72,"column":9}},"locations":[{"start":{"line":70,"column":86},"end":{"line":72,"column":9}}]},"38":{"type":"branch","line":65,"loc":{"start":{"line":65,"column":51},"end":{"line":66,"column":74}},"locations":[{"start":{"line":65,"column":51},"end":{"line":66,"column":74}}]}},"b":{"0":[5],"1":[5],"2":[1],"3":[4],"4":[3],"5":[1],"6":[3],"7":[1],"8":[2],"9":[15],"10":[4],"11":[2],"12":[15],"13":[5],"14":[10],"15":[4],"16":[6],"17":[2],"18":[1],"19":[1],"20":[5],"21":[1],"22":[1],"23":[4],"24":[0],"25":[0],"26":[0],"27":[0],"28":[4],"29":[3],"30":[1],"31":[0],"32":[4],"33":[12],"34":[3],"35":[19],"36":[11],"37":[8],"38":[11]},"fnMap":{"0":{"name":"RecintosZoo","decl":{"start":{"line":2,"column":4},"end":{"line":19,"column":5}},"loc":{"start":{"line":2,"column":4},"end":{"line":19,"column":5}},"line":2},"1":{"name":"analisaRecintos","decl":{"start":{"line":21,"column":4},"end":{"line":44,"column":5}},"loc":{"start":{"line":21,"column":4},"end":{"line":44,"column":5}},"line":21},"2":{"name":"verificaRecinto","decl":{"start":{"line":46,"column":4},"end":{"line":62,"column":5}},"loc":{"start":{"line":46,"column":4},"end":{"line":62,"column":5}},"line":46},"3":{"name":"calcularEspacoOcupado","decl":{"start":{"line":64,"column":4},"end":{"line":75,"column":5}},"loc":{"start":{"line":64,"column":4},"end":{"line":75,"column":5}},"line":64}},"f":{"0":5,"1":5,"2":15,"3":19}}
}
