TN:
SF:src\recintos-zoo.js
FN:2,RecintosZoo
FN:21,analisaRecintos
FN:46,verificaRecinto
FN:64,calcularEspacoOcupado
FNF:4
FNH:4
FNDA:5,RecintosZoo
FNDA:5,analisaRecintos
FNDA:15,verificaRecinto
FNDA:19,calcularEspacoOcupado
DA:1,1
DA:2,1
DA:3,5
DA:4,5
DA:5,5
DA:6,5
DA:7,5
DA:8,5
DA:9,5
DA:10,5
DA:11,5
DA:12,5
DA:13,5
DA:14,5
DA:15,5
DA:16,5
DA:17,5
DA:18,5
DA:19,5
DA:20,1
DA:21,1
DA:22,5
DA:23,1
DA:24,1
DA:25,4
DA:26,5
DA:27,1
DA:28,1
DA:29,3
DA:30,3
DA:31,3
DA:32,3
DA:33,4
DA:34,4
DA:35,4
DA:36,3
DA:37,3
DA:38,3
DA:39,5
DA:40,1
DA:41,1
DA:42,2
DA:43,2
DA:44,2
DA:45,1
DA:46,1
DA:47,15
DA:48,15
DA:49,15
DA:50,15
DA:51,10
DA:52,15
DA:53,6
DA:54,15
DA:55,15
DA:56,4
DA:57,15
DA:58,4
DA:59,15
DA:60,4
DA:61,4
DA:62,4
DA:63,1
DA:64,1
DA:65,19
DA:66,19
DA:67,19
DA:68,19
DA:69,19
DA:70,19
DA:71,8
DA:72,8
DA:73,19
DA:74,19
DA:75,19
DA:76,1
DA:77,1
DA:78,1
LF:78
LH:78
BRDA:2,0,0,5
BRDA:21,1,0,5
BRDA:22,2,0,1
BRDA:24,3,0,4
BRDA:26,4,0,3
BRDA:26,5,0,1
BRDA:28,6,0,3
BRDA:39,7,0,1
BRDA:41,8,0,2
BRDA:31,9,0,15
BRDA:32,10,0,4
BRDA:37,11,0,2
BRDA:46,12,0,15
BRDA:50,13,0,5
BRDA:50,14,0,10
BRDA:52,15,0,4
BRDA:52,16,0,6
BRDA:54,17,0,2
BRDA:54,18,0,1
BRDA:54,19,0,1
BRDA:54,20,0,5
BRDA:55,21,0,1
BRDA:55,22,0,1
BRDA:55,23,0,4
BRDA:57,24,0,0
BRDA:57,25,0,0
BRDA:57,26,0,0
BRDA:57,27,0,0
BRDA:57,28,0,4
BRDA:59,29,0,3
BRDA:59,30,0,1
BRDA:59,31,0,0
BRDA:59,32,0,4
BRDA:52,33,0,12
BRDA:55,34,0,3
BRDA:64,35,0,19
BRDA:70,36,0,11
BRDA:70,37,0,8
BRDA:65,38,0,11
BRF:39
BRH:34
end_of_record
